# JRE version: Java(TM) SE Runtime Environment (9.0+11) (build 9.0.4+11)
# Java VM: Java HotSpot(TM) 64-Bit Server VM (9.0.4+11, mixed mode, tiered, compressed oops, g1 gc, windows-amd64)
Heap:
 garbage-first heap   total 227328K, used 110180K [0x0000000700000000, 0x00000007001006f0, 0x00000007c0000000)
  region size 1024K, 24 young (24576K), 1 survivors (1024K)
 Metaspace       used 94084K, capacity 98903K, committed 99148K, reserved 1134592K
  class space    used 13517K, capacity 14401K, committed 14412K, reserved 1048576K
GC Heap History (10 events):
Event: 6029.672 GC heap before
{Heap before GC invocations=256 (full 77):
 garbage-first heap   total 227328K, used 147248K [0x0000000700000000, 0x00000007001006f0, 0x00000007c0000000)
  region size 1024K, 60 young (61440K), 1 survivors (1024K)
 Metaspace       used 93737K, capacity 98117K, committed 98892K, reserved 1134592K
  class space    used 13429K, capacity 14210K, committed 14412K, reserved 1048576K
}
Event: 6029.678 GC heap after
{Heap after GC invocations=257 (full 77):
 garbage-first heap   total 227328K, used 87313K [0x0000000700000000, 0x00000007001006f0, 0x00000007c0000000)
  region size 1024K, 2 young (2048K), 2 survivors (2048K)
 Metaspace       used 93737K, capacity 98117K, committed 98892K, reserved 1134592K
  class space    used 13429K, capacity 14210K, committed 14412K, reserved 1048576K
}
Event: 6030.289 GC heap before
{Heap before GC invocations=257 (full 77):
 garbage-first heap   total 227328K, used 146705K [0x0000000700000000, 0x00000007001006f0, 0x00000007c0000000)
  region size 1024K, 60 young (61440K), 2 survivors (2048K)
 Metaspace       used 94045K, capacity 98903K, committed 99148K, reserved 1134592K
  class space    used 13515K, capacity 14401K, committed 14412K, reserved 1048576K
}
Event: 6030.296 GC heap after
{Heap after GC invocations=258 (full 77):
 garbage-first heap   total 227328K, used 87505K [0x0000000700000000, 0x00000007001006f0, 0x00000007c0000000)
  region size 1024K, 2 young (2048K), 2 survivors (2048K)
 Metaspace       used 94045K, capacity 98903K, committed 99148K, reserved 1134592K
  class space    used 13515K, capacity 14401K, committed 14412K, reserved 1048576K
}
Event: 6031.878 GC heap before
{Heap before GC invocations=258 (full 77):
 garbage-first heap   total 227328K, used 143825K [0x0000000700000000, 0x00000007001006f0, 0x00000007c0000000)
  region size 1024K, 58 young (59392K), 2 survivors (2048K)
 Metaspace       used 94075K, capacity 98903K, committed 99148K, reserved 1134592K
  class space    used 13517K, capacity 14401K, committed 14412K, reserved 1048576K
}
Event: 6032.166 GC heap after
{Heap after GC invocations=259 (full 78):
 garbage-first heap   total 227328K, used 87034K [0x0000000700000000, 0x00000007001006f0, 0x00000007c0000000)
  region size 1024K, 0 young (0K), 0 survivors (0K)
 Metaspace       used 94075K, capacity 98903K, committed 99148K, reserved 1134592K
  class space    used 13517K, capacity 14401K, committed 14412K, reserved 1048576K
}
Event: 6032.418 GC heap before
{Heap before GC invocations=259 (full 78):
 garbage-first heap   total 227328K, used 148474K [0x0000000700000000, 0x00000007001006f0, 0x00000007c0000000)
  region size 1024K, 60 young (61440K), 0 survivors (0K)
 Metaspace       used 94076K, capacity 98903K, committed 99148K, reserved 1134592K
  class space    used 13517K, capacity 14401K, committed 14412K, reserved 1048576K
}
Event: 6032.421 GC heap after
{Heap after GC invocations=260 (full 78):
 garbage-first heap   total 227328K, used 87365K [0x0000000700000000, 0x00000007001006f0, 0x00000007c0000000)
  region size 1024K, 1 young (1024K), 1 survivors (1024K)
 Metaspace       used 94076K, capacity 98903K, committed 99148K, reserved 1134592K
  class space    used 13517K, capacity 14401K, committed 14412K, reserved 1048576K
}
Event: 6034.781 GC heap before
{Heap before GC invocations=260 (full 78):
 garbage-first heap   total 227328K, used 147781K [0x0000000700000000, 0x00000007001006f0, 0x00000007c0000000)
  region size 1024K, 60 young (61440K), 1 survivors (1024K)
 Metaspace       used 94084K, capacity 98903K, committed 99148K, reserved 1134592K
  class space    used 13517K, capacity 14401K, committed 14412K, reserved 1048576K
}
Event: 6034.786 GC heap after
{Heap after GC invocations=261 (full 78):
 garbage-first heap   total 227328K, used 87652K [0x0000000700000000, 0x00000007001006f0, 0x00000007c0000000)
  region size 1024K, 1 young (1024K), 1 survivors (1024K)
 Metaspace       used 94084K, capacity 98903K, committed 99148K, reserved 1134592K
  class space    used 13517K, capacity 14401K, committed 14412K, reserved 1048576K
}

