# JRE version: Java(TM) SE Runtime Environment (9.0+11) (build 9.0.4+11)
# Java VM: Java HotSpot(TM) 64-Bit Server VM (9.0.4+11, mixed mode, tiered, compressed oops, g1 gc, windows-amd64)
Heap:
 garbage-first heap   total 226304K, used 176226K [0x0000000700000000, 0x00000007001006e8, 0x00000007c0000000)
  region size 1024K, 52 young (53248K), 1 survivors (1024K)
 Metaspace       used 107465K, capacity 112653K, committed 116736K, reserved 1148928K
  class space    used 15577K, capacity 16506K, committed 17408K, reserved 1048576K
GC Heap History (10 events):
Event: 3336.201 GC heap before
{Heap before GC invocations=672 (full 37):
 garbage-first heap   total 226304K, used 139414K [0x0000000700000000, 0x00000007001006e8, 0x00000007c0000000)
  region size 1024K, 16 young (16384K), 1 survivors (1024K)
 Metaspace       used 107456K, capacity 112653K, committed 116736K, reserved 1148928K
  class space    used 15577K, capacity 16506K, committed 17408K, reserved 1048576K
}
Event: 3336.584 GC heap after
{Heap after GC invocations=673 (full 38):
 garbage-first heap   total 226304K, used 124512K [0x0000000700000000, 0x00000007001006e8, 0x00000007c0000000)
  region size 1024K, 0 young (0K), 0 survivors (0K)
 Metaspace       used 107456K, capacity 112653K, committed 116736K, reserved 1148928K
  class space    used 15577K, capacity 16506K, committed 17408K, reserved 1048576K
}
Event: 3356.493 GC heap before
{Heap before GC invocations=673 (full 38):
 garbage-first heap   total 226304K, used 185952K [0x0000000700000000, 0x00000007001006e8, 0x00000007c0000000)
  region size 1024K, 60 young (61440K), 0 survivors (0K)
 Metaspace       used 107462K, capacity 112653K, committed 116736K, reserved 1148928K
  class space    used 15577K, capacity 16506K, committed 17408K, reserved 1048576K
}
Event: 3356.498 GC heap after
{Heap after GC invocations=674 (full 38):
 garbage-first heap   total 226304K, used 124921K [0x0000000700000000, 0x00000007001006e8, 0x00000007c0000000)
  region size 1024K, 1 young (1024K), 1 survivors (1024K)
 Metaspace       used 107462K, capacity 112653K, committed 116736K, reserved 1148928K
  class space    used 15577K, capacity 16506K, committed 17408K, reserved 1048576K
}
Event: 3384.097 GC heap before
{Heap before GC invocations=675 (full 38):
 garbage-first heap   total 226304K, used 185337K [0x0000000700000000, 0x00000007001006e8, 0x00000007c0000000)
  region size 1024K, 60 young (61440K), 1 survivors (1024K)
 Metaspace       used 107463K, capacity 112653K, committed 116736K, reserved 1148928K
  class space    used 15577K, capacity 16506K, committed 17408K, reserved 1048576K
}
Event: 3384.101 GC heap after
{Heap after GC invocations=676 (full 38):
 garbage-first heap   total 226304K, used 125004K [0x0000000700000000, 0x00000007001006e8, 0x00000007c0000000)
  region size 1024K, 1 young (1024K), 1 survivors (1024K)
 Metaspace       used 107463K, capacity 112653K, committed 116736K, reserved 1148928K
  class space    used 15577K, capacity 16506K, committed 17408K, reserved 1048576K
}
Event: 3385.168 GC heap before
{Heap before GC invocations=676 (full 38):
 garbage-first heap   total 226304K, used 185420K [0x0000000700000000, 0x00000007001006e8, 0x00000007c0000000)
  region size 1024K, 60 young (61440K), 1 survivors (1024K)
 Metaspace       used 107463K, capacity 112653K, committed 116736K, reserved 1148928K
  class space    used 15577K, capacity 16506K, committed 17408K, reserved 1048576K
}
Event: 3385.171 GC heap after
{Heap after GC invocations=677 (full 38):
 garbage-first heap   total 226304K, used 124946K [0x0000000700000000, 0x00000007001006e8, 0x00000007c0000000)
  region size 1024K, 1 young (1024K), 1 survivors (1024K)
 Metaspace       used 107463K, capacity 112653K, committed 116736K, reserved 1148928K
  class space    used 15577K, capacity 16506K, committed 17408K, reserved 1048576K
}
Event: 3386.983 GC heap before
{Heap before GC invocations=678 (full 38):
 garbage-first heap   total 226304K, used 185362K [0x0000000700000000, 0x00000007001006e8, 0x00000007c0000000)
  region size 1024K, 61 young (62464K), 1 survivors (1024K)
 Metaspace       used 107464K, capacity 112653K, committed 116736K, reserved 1148928K
  class space    used 15577K, capacity 16506K, committed 17408K, reserved 1048576K
}
Event: 3386.987 GC heap after
{Heap after GC invocations=679 (full 38):
 garbage-first heap   total 226304K, used 125026K [0x0000000700000000, 0x00000007001006e8, 0x00000007c0000000)
  region size 1024K, 1 young (1024K), 1 survivors (1024K)
 Metaspace       used 107464K, capacity 112653K, committed 116736K, reserved 1148928K
  class space    used 15577K, capacity 16506K, committed 17408K, reserved 1048576K
}

